<!DOCTYPE html PUBLIC "-//W3C//DTD XHTML 1.1//EN" "https://www.w3.org/TR/xhtml11/DTD/xhtml11.dtd">
<html xmlns="https://www.w3.org/1999/xhtml">
<head>
<meta http-equiv="content-type" content="text/html; charset=UTF-8"/>
<title>TestNG Report</title>
<style type="text/css">table {margin-bottom:10px;border-collapse:collapse;empty-cells:show}th,td {border:1px solid #009;padding:.25em .5em}th {vertical-align:bottom}td {vertical-align:top}table a {font-weight:bold}.stripe td {background-color: #E6EBF9}.num {text-align:right}.passedodd td {background-color: #3F3}.passedeven td {background-color: #0A0}.skippedodd td {background-color: #DDD}.skippedeven td {background-color: #CCC}.failedodd td,.attn {background-color: #F33}.failedeven td,.stripe .attn {background-color: #D00}.stacktrace {white-space:pre;font-family:monospace}.totop {font-size:85%;text-align:center;border-bottom:2px solid #000}.invisible {display:none}</style>
</head>
<body>
<table>
<tr><th>Test</th><th># Passed</th><th># Skipped</th><th># Retried</th><th># Failed</th><th>Time (ms)</th><th>Included Groups</th><th>Excluded Groups</th></tr>
<tr><th colspan="8">Dissertation</th></tr>
<tr><td><a href="#t0">Test</a></td><td class="num">28</td><td class="num attn">1</td><td class="num">0</td><td class="num attn">8</td><td class="num">1,742,947</td><td></td><td></td></tr>
</table>
<table id='summary'><thead><tr><th>Class</th><th>Method</th><th>Start</th><th>Time (ms)</th></tr></thead><tbody><tr><th colspan="4">Dissertation</th></tr></tbody><tbody id="t0"><tr><th colspan="4">Test &#8212; failed (configuration methods)</th></tr><tr class="failedeven"><td rowspan="1">students.TermsandServicePage</td><td><a href="#m0">setUp1</a></td><td rowspan="1">1678368497647</td><td rowspan="1">442289</td></tr><tr><th colspan="4">Test &#8212; failed</th></tr><tr class="failedeven"><td rowspan="1">NewEmployer.ChangeEmployerLogo</td><td><a href="#m1">testChangeEmployerLogo</a></td><td rowspan="1">1678367874044</td><td rowspan="1">45815</td></tr><tr class="failedodd"><td rowspan="1">NewEmployer.EmpViewVerifiedStudents</td><td><a href="#m2">testEMPViewVerifiedStudents</a></td><td rowspan="1">1678368166773</td><td rowspan="1">50045</td></tr><tr class="failedeven"><td rowspan="1">students.StudentsApplicationsPage</td><td><a href="#m3">testStudentsApplicationsPage</a></td><td rowspan="1">1678368356475</td><td rowspan="1">43026</td></tr><tr class="failedodd"><td rowspan="1">students.StudentsMyProfile</td><td><a href="#m4">testLoginElements</a></td><td rowspan="1">1678368456227</td><td rowspan="1">40863</td></tr><tr class="failedeven"><td rowspan="1">university.ChangeUniversityLogo</td><td><a href="#m5">testChangeUniversityLogo</a></td><td rowspan="1">1678368999006</td><td rowspan="1">47239</td></tr><tr class="failedodd"><td rowspan="1">university.UniViewStudentProfie</td><td><a href="#m6">testUniViewStudentProfie</a></td><td rowspan="1">1678369255036</td><td rowspan="1">50105</td></tr><tr class="failedeven"><td rowspan="1">university.UpdateUniAboutUsProfile</td><td><a href="#m7">testUpdateUniAboutUsProfile</a></td><td rowspan="1">1678369321175</td><td rowspan="1">45088</td></tr><tr class="failedodd"><td rowspan="1">university.UpdateUniSocialMediaProfile</td><td><a href="#m8">testUpdateUniSocialMediaProfile</a></td><td rowspan="1">1678369382160</td><td rowspan="1">42984</td></tr><tr><th colspan="4">Test &#8212; skipped (configuration methods)</th></tr><tr class="skippedeven"><td rowspan="1">students.TermsandServicePage</td><td><a href="#m9">screenShot</a></td><td rowspan="1">1678368939967</td><td rowspan="1">-1678368939967</td></tr><tr><th colspan="4">Test &#8212; skipped</th></tr><tr class="skippedeven"><td rowspan="1">students.TermsandServicePage</td><td><a href="#m10">testTermsandServicePage</a></td><td rowspan="1">1678368939962</td><td rowspan="1">0</td></tr><tr><th colspan="4">Test &#8212; passed</th></tr><tr class="passedeven"><td rowspan="1">NewEmployer.AddEmployerLocation</td><td><a href="#m11">testAddEmployerLocation</a></td><td rowspan="1">1678367723011</td><td rowspan="1">19708</td></tr><tr class="passedodd"><td rowspan="1">NewEmployer.AddJobMultiLocations</td><td><a href="#m12">testAddNewJob</a></td><td rowspan="1">1678367757538</td><td rowspan="1">32167</td></tr><tr class="passedeven"><td rowspan="1">NewEmployer.AddNewJob</td><td><a href="#m13">testAddNewJob</a></td><td rowspan="1">1678367804502</td><td rowspan="1">55039</td></tr><tr class="passedodd"><td rowspan="1">NewEmployer.ChangeEmployerName</td><td><a href="#m14">testChangeEmployerName</a></td><td rowspan="1">1678367934620</td><td rowspan="1">8295</td></tr><tr class="passedeven"><td rowspan="1">NewEmployer.CloseJob</td><td><a href="#m15">testCloseJob</a></td><td rowspan="1">1678367957276</td><td rowspan="1">28013</td></tr><tr class="passedodd"><td rowspan="1">NewEmployer.DeleteEmployerLocation</td><td><a href="#m16">testDeleteEmployerLocation</a></td><td rowspan="1">1678367999771</td><td rowspan="1">15931</td></tr><tr class="passedeven"><td rowspan="1">NewEmployer.EditEmployerLocation</td><td><a href="#m17">testAddEmployerLocation</a></td><td rowspan="1">1678368030329</td><td rowspan="1">9233</td></tr><tr class="passedodd"><td rowspan="1">NewEmployer.EditJob</td><td><a href="#m18">testEditJob</a></td><td rowspan="1">1678368054259</td><td rowspan="1">18481</td></tr><tr class="passedeven"><td rowspan="1">NewEmployer.EmpSearchClosedJobs</td><td><a href="#m19">testEmpSearchClosedJobs</a></td><td rowspan="1">1678368087049</td><td rowspan="1">13236</td></tr><tr class="passedodd"><td rowspan="1">NewEmployer.EmpTalentHomePage</td><td><a href="#m20">testEmpTalentHomePage</a></td><td rowspan="1">1678368114756</td><td rowspan="1">5674</td></tr><tr class="passedeven"><td rowspan="1">NewEmployer.EmpUpdateSocialMediaProfile</td><td><a href="#m21">testEmpUpdateSocialMediaProfile</a></td><td rowspan="1">1678368134572</td><td rowspan="1">17589</td></tr><tr class="passedodd"><td rowspan="1">UserAccess.InvalidLogin</td><td><a href="#m22">testInvalidLogin</a></td><td rowspan="1">1678369429685</td><td rowspan="1">17845</td></tr><tr class="passedeven"><td rowspan="1">students.StudentAboutPage</td><td><a href="#m23">testStudentAboutPage</a></td><td rowspan="1">1678368230457</td><td rowspan="1">1311</td></tr><tr class="passedodd"><td rowspan="1">students.StudentChangeEmail</td><td><a href="#m24">testStudentChangeEmail</a></td><td rowspan="1">1678368245106</td><td rowspan="1">12570</td></tr><tr class="passedeven"><td rowspan="1">students.StudentChangeLanguage</td><td><a href="#m25">testStudentChangeLanguage</a></td><td rowspan="1">1678368270991</td><td rowspan="1">5579</td></tr><tr class="passedodd"><td rowspan="1">students.StudentChangePassword</td><td><a href="#m26">testStudentChangePassword</a></td><td rowspan="1">1678368289854</td><td rowspan="1">16668</td></tr><tr class="passedeven"><td rowspan="1">students.StudentChangePersonalInfo</td><td><a href="#m27">testStudentChangePersonalInfo</a></td><td rowspan="1">1678368319942</td><td rowspan="1">4090</td></tr><tr class="passedodd"><td rowspan="1">students.StudentMyAccount</td><td><a href="#m28">testStudentMyAccount</a></td><td rowspan="1">1678368337295</td><td rowspan="1">5988</td></tr><tr class="passedeven"><td rowspan="1">students.StudentsLogout</td><td><a href="#m29">testLoginElements</a></td><td rowspan="1">1678368437706</td><td rowspan="1">5009</td></tr><tr class="passedodd"><td rowspan="1">university.AddNewEvent</td><td><a href="#m30">testAddNewEvent</a></td><td rowspan="1">1678368956333</td><td rowspan="1">27386</td></tr><tr class="passedeven"><td rowspan="1">university.ChangeUniversityName</td><td><a href="#m31">testChangeUniversityName</a></td><td rowspan="1">1678369062419</td><td rowspan="1">9643</td></tr><tr class="passedodd"><td rowspan="1">university.EditEvent</td><td><a href="#m32">testEditEvent</a></td><td rowspan="1">1678369087438</td><td rowspan="1">15035</td></tr><tr class="passedeven"><td rowspan="1">university.EventHomepageElements</td><td><a href="#m33">testEventHomepageElements</a></td><td rowspan="1">1678369117815</td><td rowspan="1">9132</td></tr><tr class="passedodd"><td rowspan="1">university.UniSearchStudentByName</td><td><a href="#m34">testUniSearchStudentByName</a></td><td rowspan="1">1678369142193</td><td rowspan="1">10356</td></tr><tr class="passedeven"><td rowspan="1">university.UniversityAboutPage</td><td><a href="#m35">testUniversityAboutPage</a></td><td rowspan="1">1678369167842</td><td rowspan="1">1296</td></tr><tr class="passedodd"><td rowspan="1">university.UniversityExportJobsPDF</td><td><a href="#m36">testUniversityExportJobsPDF</a></td><td rowspan="1">1678369184419</td><td rowspan="1">8069</td></tr><tr class="passedeven"><td rowspan="1">university.UniversitySearchJobs</td><td><a href="#m37">testUniversitySearchJobs</a></td><td rowspan="1">1678369208052</td><td rowspan="1">11165</td></tr><tr class="passedodd"><td rowspan="1">university.UniversiyProfilePAge</td><td><a href="#m38">testUniversiyProfilePAge</a></td><td rowspan="1">1678369234502</td><td rowspan="1">4937</td></tr></tbody>
</table>
<h2>Test</h2><h3 id="m0">students.TermsandServicePage#setUp1</h3><table class="result"><tr><th>Exception</th></tr><tr><td><div class="stacktrace">org.openqa.selenium.TimeoutException: java.util.concurrent.TimeoutException
Build info: version: &apos;4.0.0&apos;, revision: &apos;3a21814679&apos;
System info: host: &apos;pc-194-210.customer.ask4.lan&apos;, ip: &apos;fe80:0:0:0:49e:3e99:7567:7205%en0&apos;, os.name: &apos;Mac OS X&apos;, os.arch: &apos;x86_64&apos;, os.version: &apos;10.16&apos;, java.version: &apos;17.0.1&apos;
Driver info: org.openqa.selenium.chrome.ChromeDriver
Command: [4087797e1c59c5615049b063f7204663, findElement {using=xpath, value=//a[@data-toggle=&apos;dropdown&apos;]}]
Capabilities {acceptInsecureCerts: false, browserName: chrome, browserVersion: 110.0.5481.177, chrome: {chromedriverVersion: 109.0.5414.74 (e7c5703604da..., userDataDir: /var/folders/4v/pkwj_l0x11v...}, goog:chromeOptions: {debuggerAddress: localhost:50984}, javascriptEnabled: true, networkConnectionEnabled: false, pageLoadStrategy: normal, platform: MAC, platformName: MAC, proxy: Proxy(), se:cdp: ws://localhost:50984/devtoo..., se:cdpVersion: 110.0.5481.177, setWindowRect: true, strictFileInteractability: false, timeouts: {implicit: 0, pageLoad: 300000, script: 30000}, unhandledPromptBehavior: dismiss and notify, webauthn:extension:credBlob: true, webauthn:extension:largeBlob: true, webauthn:virtualAuthenticators: true}
Session ID: 4087797e1c59c5615049b063f7204663
	at org.openqa.selenium.remote.http.netty.NettyHttpHandler.makeCall(NettyHttpHandler.java:72)
	at org.openqa.selenium.remote.http.AddSeleniumUserAgent.lambda$apply$0(AddSeleniumUserAgent.java:42)
	at org.openqa.selenium.remote.http.Filter.lambda$andFinally$1(Filter.java:56)
	at org.openqa.selenium.remote.http.netty.NettyHttpHandler.execute(NettyHttpHandler.java:51)
	at org.openqa.selenium.remote.http.AddSeleniumUserAgent.lambda$apply$0(AddSeleniumUserAgent.java:42)
	at org.openqa.selenium.remote.http.Filter.lambda$andFinally$1(Filter.java:56)
	at org.openqa.selenium.remote.http.netty.NettyClient.execute(NettyClient.java:119)
	at org.openqa.selenium.remote.HttpCommandExecutor.execute(HttpCommandExecutor.java:181)
	at org.openqa.selenium.remote.service.DriverCommandExecutor.invokeExecute(DriverCommandExecutor.java:164)
	at org.openqa.selenium.remote.service.DriverCommandExecutor.execute(DriverCommandExecutor.java:139)
	at org.openqa.selenium.remote.RemoteWebDriver.execute(RemoteWebDriver.java:559)
	at org.openqa.selenium.remote.ElementLocation$ElementFinder$2.findElement(ElementLocation.java:162)
	at org.openqa.selenium.remote.ElementLocation.findElement(ElementLocation.java:60)
	at org.openqa.selenium.remote.RemoteWebDriver.findElement(RemoteWebDriver.java:383)
	at org.openqa.selenium.remote.RemoteWebDriver.findElement(RemoteWebDriver.java:375)
	at utils.LoginUtility.Loginutilityclass(LoginUtility.java:243)
	at students.TermsandServicePage.setUp1(TermsandServicePage.java:107)
	at java.base/java.util.ArrayList.forEach(ArrayList.java:1511)
Caused by: java.util.concurrent.TimeoutException
	at java.base/java.util.concurrent.CompletableFuture.timedGet(CompletableFuture.java:1960)
	at java.base/java.util.concurrent.CompletableFuture.get(CompletableFuture.java:2095)
	at org.asynchttpclient.netty.NettyResponseFuture.get(NettyResponseFuture.java:206)
	at org.openqa.selenium.remote.http.netty.NettyHttpHandler.makeCall(NettyHttpHandler.java:66)
	... 48 more
... Removed 31 stack frames</div></td></tr></table><p class="totop"><a href="#summary">back to summary</a></p>
<h3 id="m1">NewEmployer.ChangeEmployerLogo#testChangeEmployerLogo</h3><table class="result"><tr><th>Exception</th></tr><tr><td><div class="stacktrace">java.lang.AssertionError: no such element: Unable to locate element: {&quot;method&quot;:&quot;xpath&quot;,&quot;selector&quot;:&quot;(//div[contains(.,&apos;Logo successfully uploaded&apos;)])&quot;}
  (Session info: chrome=110.0.5481.177)
For documentation on this error, please visit: https://selenium.dev/exceptions/#no_such_element
Build info: version: &apos;4.0.0&apos;, revision: &apos;3a21814679&apos;
System info: host: &apos;pc-194-210.customer.ask4.lan&apos;, ip: &apos;fe80:0:0:0:49e:3e99:7567:7205%en0&apos;, os.name: &apos;Mac OS X&apos;, os.arch: &apos;x86_64&apos;, os.version: &apos;10.16&apos;, java.version: &apos;17.0.1&apos;
Driver info: org.openqa.selenium.chrome.ChromeDriver
Command: [4832e1abc5f908177804d485da3cbe8c, findElement {using=xpath, value=(//div[contains(.,&apos;Logo successfully uploaded&apos;)])}]
Capabilities {acceptInsecureCerts: false, browserName: chrome, browserVersion: 110.0.5481.177, chrome: {chromedriverVersion: 109.0.5414.74 (e7c5703604da..., userDataDir: /var/folders/4v/pkwj_l0x11v...}, goog:chromeOptions: {debuggerAddress: localhost:65418}, javascriptEnabled: true, networkConnectionEnabled: false, pageLoadStrategy: normal, platform: MAC, platformName: MAC, proxy: Proxy(), se:cdp: ws://localhost:65418/devtoo..., se:cdpVersion: 110.0.5481.177, setWindowRect: true, strictFileInteractability: false, timeouts: {implicit: 0, pageLoad: 300000, script: 30000}, unhandledPromptBehavior: dismiss and notify, webauthn:extension:credBlob: true, webauthn:extension:largeBlob: true, webauthn:virtualAuthenticators: true}
Session ID: 4832e1abc5f908177804d485da3cbe8c
	at NewEmployer.ChangeEmployerLogo.testChangeEmployerLogo(ChangeEmployerLogo.java:180)
	at java.base/java.util.ArrayList.forEach(ArrayList.java:1511)
... Removed 28 stack frames</div></td></tr></table><p class="totop"><a href="#summary">back to summary</a></p>
<h3 id="m2">NewEmployer.EmpViewVerifiedStudents#testEMPViewVerifiedStudents</h3><table class="result"><tr><th>Exception</th></tr><tr><td><div class="stacktrace">java.lang.AssertionError: no such element: Unable to locate element: {&quot;method&quot;:&quot;xpath&quot;,&quot;selector&quot;:&quot;(//img[contains(@class,&apos;verified-icon&apos;)])&quot;}
  (Session info: chrome=110.0.5481.177)
For documentation on this error, please visit: https://selenium.dev/exceptions/#no_such_element
Build info: version: &apos;4.0.0&apos;, revision: &apos;3a21814679&apos;
System info: host: &apos;pc-194-210.customer.ask4.lan&apos;, ip: &apos;fe80:0:0:0:49e:3e99:7567:7205%en0&apos;, os.name: &apos;Mac OS X&apos;, os.arch: &apos;x86_64&apos;, os.version: &apos;10.16&apos;, java.version: &apos;17.0.1&apos;
Driver info: org.openqa.selenium.chrome.ChromeDriver
Command: [c3274e0de84efc56cd4cd9bf84a3dd8b, findElement {using=xpath, value=(//img[contains(@class,&apos;verified-icon&apos;)])}]
Capabilities {acceptInsecureCerts: false, browserName: chrome, browserVersion: 110.0.5481.177, chrome: {chromedriverVersion: 109.0.5414.74 (e7c5703604da..., userDataDir: /var/folders/4v/pkwj_l0x11v...}, goog:chromeOptions: {debuggerAddress: localhost:49973}, javascriptEnabled: true, networkConnectionEnabled: false, pageLoadStrategy: normal, platform: MAC, platformName: MAC, proxy: Proxy(), se:cdp: ws://localhost:49973/devtoo..., se:cdpVersion: 110.0.5481.177, setWindowRect: true, strictFileInteractability: false, timeouts: {implicit: 0, pageLoad: 300000, script: 30000}, unhandledPromptBehavior: dismiss and notify, webauthn:extension:credBlob: true, webauthn:extension:largeBlob: true, webauthn:virtualAuthenticators: true}
Session ID: c3274e0de84efc56cd4cd9bf84a3dd8b
	at NewEmployer.EmpViewVerifiedStudents.testEMPViewVerifiedStudents(EmpViewVerifiedStudents.java:168)
	at java.base/java.util.ArrayList.forEach(ArrayList.java:1511)
... Removed 28 stack frames</div></td></tr></table><p class="totop"><a href="#summary">back to summary</a></p>
<h3 id="m3">students.StudentsApplicationsPage#testStudentsApplicationsPage</h3><table class="result"><tr><th>Exception</th></tr><tr><td><div class="stacktrace">java.lang.AssertionError: no such element: Unable to locate element: {&quot;method&quot;:&quot;xpath&quot;,&quot;selector&quot;:&quot;//span[contains(.,&apos;Current applications&apos;)]&quot;}
  (Session info: chrome=110.0.5481.177)
For documentation on this error, please visit: https://selenium.dev/exceptions/#no_such_element
Build info: version: &apos;4.0.0&apos;, revision: &apos;3a21814679&apos;
System info: host: &apos;pc-194-210.customer.ask4.lan&apos;, ip: &apos;fe80:0:0:0:49e:3e99:7567:7205%en0&apos;, os.name: &apos;Mac OS X&apos;, os.arch: &apos;x86_64&apos;, os.version: &apos;10.16&apos;, java.version: &apos;17.0.1&apos;
Driver info: org.openqa.selenium.chrome.ChromeDriver
Command: [1f75e9c1063c17046b849e433c8e79fb, findElement {using=xpath, value=//span[contains(.,&apos;Current applications&apos;)]}]
Capabilities {acceptInsecureCerts: false, browserName: chrome, browserVersion: 110.0.5481.177, chrome: {chromedriverVersion: 109.0.5414.74 (e7c5703604da..., userDataDir: /var/folders/4v/pkwj_l0x11v...}, goog:chromeOptions: {debuggerAddress: localhost:50573}, javascriptEnabled: true, networkConnectionEnabled: false, pageLoadStrategy: normal, platform: MAC, platformName: MAC, proxy: Proxy(), se:cdp: ws://localhost:50573/devtoo..., se:cdpVersion: 110.0.5481.177, setWindowRect: true, strictFileInteractability: false, timeouts: {implicit: 0, pageLoad: 300000, script: 30000}, unhandledPromptBehavior: dismiss and notify, webauthn:extension:credBlob: true, webauthn:extension:largeBlob: true, webauthn:virtualAuthenticators: true}
Session ID: 1f75e9c1063c17046b849e433c8e79fb
	at students.StudentsApplicationsPage.testStudentsApplicationsPage(StudentsApplicationsPage.java:147)
	at java.base/java.util.ArrayList.forEach(ArrayList.java:1511)
... Removed 28 stack frames</div></td></tr></table><p class="totop"><a href="#summary">back to summary</a></p>
<h3 id="m4">students.StudentsMyProfile#testLoginElements</h3><table class="result"><tr><th>Exception</th></tr><tr><td><div class="stacktrace">java.lang.AssertionError: no such element: Unable to locate element: {&quot;method&quot;:&quot;xpath&quot;,&quot;selector&quot;:&quot;//div[@class=&apos;dropdown-item&apos;]//a[normalize-space()=&apos;My CV&apos;]&quot;}
  (Session info: chrome=110.0.5481.177)
For documentation on this error, please visit: https://selenium.dev/exceptions/#no_such_element
Build info: version: &apos;4.0.0&apos;, revision: &apos;3a21814679&apos;
System info: host: &apos;pc-194-210.customer.ask4.lan&apos;, ip: &apos;fe80:0:0:0:49e:3e99:7567:7205%en0&apos;, os.name: &apos;Mac OS X&apos;, os.arch: &apos;x86_64&apos;, os.version: &apos;10.16&apos;, java.version: &apos;17.0.1&apos;
Driver info: org.openqa.selenium.chrome.ChromeDriver
Command: [51ec0d0f29912b69b2b30d167ecc749f, findElement {using=xpath, value=//div[@class=&apos;dropdown-item&apos;]//a[normalize-space()=&apos;My CV&apos;]}]
Capabilities {acceptInsecureCerts: false, browserName: chrome, browserVersion: 110.0.5481.177, chrome: {chromedriverVersion: 109.0.5414.74 (e7c5703604da..., userDataDir: /var/folders/4v/pkwj_l0x11v...}, goog:chromeOptions: {debuggerAddress: localhost:50833}, javascriptEnabled: true, networkConnectionEnabled: false, pageLoadStrategy: normal, platform: MAC, platformName: MAC, proxy: Proxy(), se:cdp: ws://localhost:50833/devtoo..., se:cdpVersion: 110.0.5481.177, setWindowRect: true, strictFileInteractability: false, timeouts: {implicit: 0, pageLoad: 300000, script: 30000}, unhandledPromptBehavior: dismiss and notify, webauthn:extension:credBlob: true, webauthn:extension:largeBlob: true, webauthn:virtualAuthenticators: true}
Session ID: 51ec0d0f29912b69b2b30d167ecc749f
	at students.StudentsMyProfile.testLoginElements(StudentsMyProfile.java:131)
	at java.base/java.util.ArrayList.forEach(ArrayList.java:1511)
... Removed 28 stack frames</div></td></tr></table><p class="totop"><a href="#summary">back to summary</a></p>
<h3 id="m5">university.ChangeUniversityLogo#testChangeUniversityLogo</h3><table class="result"><tr><th>Exception</th></tr><tr><td><div class="stacktrace">java.lang.AssertionError: no such element: Unable to locate element: {&quot;method&quot;:&quot;xpath&quot;,&quot;selector&quot;:&quot;(//div[contains(.,&apos;Logo successfully uploaded&apos;)])&quot;}
  (Session info: chrome=110.0.5481.177)
For documentation on this error, please visit: https://selenium.dev/exceptions/#no_such_element
Build info: version: &apos;4.0.0&apos;, revision: &apos;3a21814679&apos;
System info: host: &apos;pc-194-210.customer.ask4.lan&apos;, ip: &apos;fe80:0:0:0:49e:3e99:7567:7205%en0&apos;, os.name: &apos;Mac OS X&apos;, os.arch: &apos;x86_64&apos;, os.version: &apos;10.16&apos;, java.version: &apos;17.0.1&apos;
Driver info: org.openqa.selenium.chrome.ChromeDriver
Command: [6a7eb511bfa1a7659bf73b90dfefb610, findElement {using=xpath, value=(//div[contains(.,&apos;Logo successfully uploaded&apos;)])}]
Capabilities {acceptInsecureCerts: false, browserName: chrome, browserVersion: 110.0.5481.177, chrome: {chromedriverVersion: 109.0.5414.74 (e7c5703604da..., userDataDir: /var/folders/4v/pkwj_l0x11v...}, goog:chromeOptions: {debuggerAddress: localhost:51690}, javascriptEnabled: true, networkConnectionEnabled: false, pageLoadStrategy: normal, platform: MAC, platformName: MAC, proxy: Proxy(), se:cdp: ws://localhost:51690/devtoo..., se:cdpVersion: 110.0.5481.177, setWindowRect: true, strictFileInteractability: false, timeouts: {implicit: 0, pageLoad: 300000, script: 30000}, unhandledPromptBehavior: dismiss and notify, webauthn:extension:credBlob: true, webauthn:extension:largeBlob: true, webauthn:virtualAuthenticators: true}
Session ID: 6a7eb511bfa1a7659bf73b90dfefb610
	at university.ChangeUniversityLogo.testChangeUniversityLogo(ChangeUniversityLogo.java:179)
	at java.base/java.util.ArrayList.forEach(ArrayList.java:1511)
... Removed 28 stack frames</div></td></tr></table><p class="totop"><a href="#summary">back to summary</a></p>
<h3 id="m6">university.UniViewStudentProfie#testUniViewStudentProfie</h3><table class="result"><tr><th>Exception</th></tr><tr><td><div class="stacktrace">java.lang.AssertionError: no such element: Unable to locate element: {&quot;method&quot;:&quot;xpath&quot;,&quot;selector&quot;:&quot;//div[@class=&apos;uni-profile-name&apos;]&quot;}
  (Session info: chrome=110.0.5481.177)
For documentation on this error, please visit: https://selenium.dev/exceptions/#no_such_element
Build info: version: &apos;4.0.0&apos;, revision: &apos;3a21814679&apos;
System info: host: &apos;pc-194-210.customer.ask4.lan&apos;, ip: &apos;fe80:0:0:0:49e:3e99:7567:7205%en0&apos;, os.name: &apos;Mac OS X&apos;, os.arch: &apos;x86_64&apos;, os.version: &apos;10.16&apos;, java.version: &apos;17.0.1&apos;
Driver info: org.openqa.selenium.chrome.ChromeDriver
Command: [0b2944dfbb81b4b69e2e74677f0772c3, findElement {using=xpath, value=//div[@class=&apos;uni-profile-name&apos;]}]
Capabilities {acceptInsecureCerts: false, browserName: chrome, browserVersion: 110.0.5481.177, chrome: {chromedriverVersion: 109.0.5414.74 (e7c5703604da..., userDataDir: /var/folders/4v/pkwj_l0x11v...}, goog:chromeOptions: {debuggerAddress: localhost:52452}, javascriptEnabled: true, networkConnectionEnabled: false, pageLoadStrategy: normal, platform: MAC, platformName: MAC, proxy: Proxy(), se:cdp: ws://localhost:52452/devtoo..., se:cdpVersion: 110.0.5481.177, setWindowRect: true, strictFileInteractability: false, timeouts: {implicit: 0, pageLoad: 300000, script: 30000}, unhandledPromptBehavior: dismiss and notify, webauthn:extension:credBlob: true, webauthn:extension:largeBlob: true, webauthn:virtualAuthenticators: true}
Session ID: 0b2944dfbb81b4b69e2e74677f0772c3
	at university.UniViewStudentProfie.testUniViewStudentProfie(UniViewStudentProfie.java:183)
	at java.base/java.util.ArrayList.forEach(ArrayList.java:1511)
... Removed 28 stack frames</div></td></tr></table><p class="totop"><a href="#summary">back to summary</a></p>
<h3 id="m7">university.UpdateUniAboutUsProfile#testUpdateUniAboutUsProfile</h3><table class="result"><tr><th>Exception</th></tr><tr><td><div class="stacktrace">java.lang.AssertionError: no such element: Unable to locate element: {&quot;method&quot;:&quot;xpath&quot;,&quot;selector&quot;:&quot;//div[@class=&apos;dropdown-item&apos;]//a[normalize-space()=&apos;University profile&apos;]&quot;}
  (Session info: chrome=110.0.5481.177)
For documentation on this error, please visit: https://selenium.dev/exceptions/#no_such_element
Build info: version: &apos;4.0.0&apos;, revision: &apos;3a21814679&apos;
System info: host: &apos;pc-194-210.customer.ask4.lan&apos;, ip: &apos;fe80:0:0:0:49e:3e99:7567:7205%en0&apos;, os.name: &apos;Mac OS X&apos;, os.arch: &apos;x86_64&apos;, os.version: &apos;10.16&apos;, java.version: &apos;17.0.1&apos;
Driver info: org.openqa.selenium.chrome.ChromeDriver
Command: [6a1d3086319e261534769d1182d02cfd, findElement {using=xpath, value=//div[@class=&apos;dropdown-item&apos;]//a[normalize-space()=&apos;University profile&apos;]}]
Capabilities {acceptInsecureCerts: false, browserName: chrome, browserVersion: 110.0.5481.177, chrome: {chromedriverVersion: 109.0.5414.74 (e7c5703604da..., userDataDir: /var/folders/4v/pkwj_l0x11v...}, goog:chromeOptions: {debuggerAddress: localhost:52592}, javascriptEnabled: true, networkConnectionEnabled: false, pageLoadStrategy: normal, platform: MAC, platformName: MAC, proxy: Proxy(), se:cdp: ws://localhost:52592/devtoo..., se:cdpVersion: 110.0.5481.177, setWindowRect: true, strictFileInteractability: false, timeouts: {implicit: 0, pageLoad: 300000, script: 30000}, unhandledPromptBehavior: dismiss and notify, webauthn:extension:credBlob: true, webauthn:extension:largeBlob: true, webauthn:virtualAuthenticators: true}
Session ID: 6a1d3086319e261534769d1182d02cfd
	at university.UpdateUniAboutUsProfile.testUpdateUniAboutUsProfile(UpdateUniAboutUsProfile.java:194)
	at java.base/java.util.ArrayList.forEach(ArrayList.java:1511)
... Removed 28 stack frames</div></td></tr></table><p class="totop"><a href="#summary">back to summary</a></p>
<h3 id="m8">university.UpdateUniSocialMediaProfile#testUpdateUniSocialMediaProfile</h3><table class="result"><tr><th>Exception</th></tr><tr><td><div class="stacktrace">java.lang.AssertionError: no such element: Unable to locate element: {&quot;method&quot;:&quot;xpath&quot;,&quot;selector&quot;:&quot;//div[@class=&apos;dropdown-item&apos;]//a[normalize-space()=&apos;University profile&apos;]&quot;}
  (Session info: chrome=110.0.5481.177)
For documentation on this error, please visit: https://selenium.dev/exceptions/#no_such_element
Build info: version: &apos;4.0.0&apos;, revision: &apos;3a21814679&apos;
System info: host: &apos;pc-194-210.customer.ask4.lan&apos;, ip: &apos;fe80:0:0:0:49e:3e99:7567:7205%en0&apos;, os.name: &apos;Mac OS X&apos;, os.arch: &apos;x86_64&apos;, os.version: &apos;10.16&apos;, java.version: &apos;17.0.1&apos;
Driver info: org.openqa.selenium.chrome.ChromeDriver
Command: [bbd634413fe75bc2330237a15427c403, findElement {using=xpath, value=//div[@class=&apos;dropdown-item&apos;]//a[normalize-space()=&apos;University profile&apos;]}]
Capabilities {acceptInsecureCerts: false, browserName: chrome, browserVersion: 110.0.5481.177, chrome: {chromedriverVersion: 109.0.5414.74 (e7c5703604da..., userDataDir: /var/folders/4v/pkwj_l0x11v...}, goog:chromeOptions: {debuggerAddress: localhost:52744}, javascriptEnabled: true, networkConnectionEnabled: false, pageLoadStrategy: normal, platform: MAC, platformName: MAC, proxy: Proxy(), se:cdp: ws://localhost:52744/devtoo..., se:cdpVersion: 110.0.5481.177, setWindowRect: true, strictFileInteractability: false, timeouts: {implicit: 0, pageLoad: 300000, script: 30000}, unhandledPromptBehavior: dismiss and notify, webauthn:extension:credBlob: true, webauthn:extension:largeBlob: true, webauthn:virtualAuthenticators: true}
Session ID: bbd634413fe75bc2330237a15427c403
	at university.UpdateUniSocialMediaProfile.testUpdateUniSocialMediaProfile(UpdateUniSocialMediaProfile.java:231)
	at java.base/java.util.ArrayList.forEach(ArrayList.java:1511)
... Removed 28 stack frames</div></td></tr></table><p class="totop"><a href="#summary">back to summary</a></p>
<h3 id="m9">students.TermsandServicePage#screenShot</h3><table class="result"><tr><th class="invisible"/></tr></table><p class="totop"><a href="#summary">back to summary</a></p>
<h3 id="m10">students.TermsandServicePage#testTermsandServicePage</h3><table class="result"><tr><th>Exception</th></tr><tr><td><div class="stacktrace">org.openqa.selenium.TimeoutException: java.util.concurrent.TimeoutException
Build info: version: &apos;4.0.0&apos;, revision: &apos;3a21814679&apos;
System info: host: &apos;pc-194-210.customer.ask4.lan&apos;, ip: &apos;fe80:0:0:0:49e:3e99:7567:7205%en0&apos;, os.name: &apos;Mac OS X&apos;, os.arch: &apos;x86_64&apos;, os.version: &apos;10.16&apos;, java.version: &apos;17.0.1&apos;
Driver info: org.openqa.selenium.chrome.ChromeDriver
Command: [4087797e1c59c5615049b063f7204663, findElement {using=xpath, value=//a[@data-toggle=&apos;dropdown&apos;]}]
Capabilities {acceptInsecureCerts: false, browserName: chrome, browserVersion: 110.0.5481.177, chrome: {chromedriverVersion: 109.0.5414.74 (e7c5703604da..., userDataDir: /var/folders/4v/pkwj_l0x11v...}, goog:chromeOptions: {debuggerAddress: localhost:50984}, javascriptEnabled: true, networkConnectionEnabled: false, pageLoadStrategy: normal, platform: MAC, platformName: MAC, proxy: Proxy(), se:cdp: ws://localhost:50984/devtoo..., se:cdpVersion: 110.0.5481.177, setWindowRect: true, strictFileInteractability: false, timeouts: {implicit: 0, pageLoad: 300000, script: 30000}, unhandledPromptBehavior: dismiss and notify, webauthn:extension:credBlob: true, webauthn:extension:largeBlob: true, webauthn:virtualAuthenticators: true}
Session ID: 4087797e1c59c5615049b063f7204663
	at org.openqa.selenium.remote.http.netty.NettyHttpHandler.makeCall(NettyHttpHandler.java:72)
	at org.openqa.selenium.remote.http.AddSeleniumUserAgent.lambda$apply$0(AddSeleniumUserAgent.java:42)
	at org.openqa.selenium.remote.http.Filter.lambda$andFinally$1(Filter.java:56)
	at org.openqa.selenium.remote.http.netty.NettyHttpHandler.execute(NettyHttpHandler.java:51)
	at org.openqa.selenium.remote.http.AddSeleniumUserAgent.lambda$apply$0(AddSeleniumUserAgent.java:42)
	at org.openqa.selenium.remote.http.Filter.lambda$andFinally$1(Filter.java:56)
	at org.openqa.selenium.remote.http.netty.NettyClient.execute(NettyClient.java:119)
	at org.openqa.selenium.remote.HttpCommandExecutor.execute(HttpCommandExecutor.java:181)
	at org.openqa.selenium.remote.service.DriverCommandExecutor.invokeExecute(DriverCommandExecutor.java:164)
	at org.openqa.selenium.remote.service.DriverCommandExecutor.execute(DriverCommandExecutor.java:139)
	at org.openqa.selenium.remote.RemoteWebDriver.execute(RemoteWebDriver.java:559)
	at org.openqa.selenium.remote.ElementLocation$ElementFinder$2.findElement(ElementLocation.java:162)
	at org.openqa.selenium.remote.ElementLocation.findElement(ElementLocation.java:60)
	at org.openqa.selenium.remote.RemoteWebDriver.findElement(RemoteWebDriver.java:383)
	at org.openqa.selenium.remote.RemoteWebDriver.findElement(RemoteWebDriver.java:375)
	at utils.LoginUtility.Loginutilityclass(LoginUtility.java:243)
	at students.TermsandServicePage.setUp1(TermsandServicePage.java:107)
	at java.base/java.util.ArrayList.forEach(ArrayList.java:1511)
Caused by: java.util.concurrent.TimeoutException
	at java.base/java.util.concurrent.CompletableFuture.timedGet(CompletableFuture.java:1960)
	at java.base/java.util.concurrent.CompletableFuture.get(CompletableFuture.java:2095)
	at org.asynchttpclient.netty.NettyResponseFuture.get(NettyResponseFuture.java:206)
	at org.openqa.selenium.remote.http.netty.NettyHttpHandler.makeCall(NettyHttpHandler.java:66)
	... 48 more
... Removed 31 stack frames</div></td></tr></table><p class="totop"><a href="#summary">back to summary</a></p>
<h3 id="m11">NewEmployer.AddEmployerLocation#testAddEmployerLocation</h3><table class="result"><tr><th class="invisible"/></tr></table><p class="totop"><a href="#summary">back to summary</a></p>
<h3 id="m12">NewEmployer.AddJobMultiLocations#testAddNewJob</h3><table class="result"><tr><th class="invisible"/></tr></table><p class="totop"><a href="#summary">back to summary</a></p>
<h3 id="m13">NewEmployer.AddNewJob#testAddNewJob</h3><table class="result"><tr><th class="invisible"/></tr></table><p class="totop"><a href="#summary">back to summary</a></p>
<h3 id="m14">NewEmployer.ChangeEmployerName#testChangeEmployerName</h3><table class="result"><tr><th class="invisible"/></tr></table><p class="totop"><a href="#summary">back to summary</a></p>
<h3 id="m15">NewEmployer.CloseJob#testCloseJob</h3><table class="result"><tr><th class="invisible"/></tr></table><p class="totop"><a href="#summary">back to summary</a></p>
<h3 id="m16">NewEmployer.DeleteEmployerLocation#testDeleteEmployerLocation</h3><table class="result"><tr><th class="invisible"/></tr></table><p class="totop"><a href="#summary">back to summary</a></p>
<h3 id="m17">NewEmployer.EditEmployerLocation#testAddEmployerLocation</h3><table class="result"><tr><th class="invisible"/></tr></table><p class="totop"><a href="#summary">back to summary</a></p>
<h3 id="m18">NewEmployer.EditJob#testEditJob</h3><table class="result"><tr><th class="invisible"/></tr></table><p class="totop"><a href="#summary">back to summary</a></p>
<h3 id="m19">NewEmployer.EmpSearchClosedJobs#testEmpSearchClosedJobs</h3><table class="result"><tr><th class="invisible"/></tr></table><p class="totop"><a href="#summary">back to summary</a></p>
<h3 id="m20">NewEmployer.EmpTalentHomePage#testEmpTalentHomePage</h3><table class="result"><tr><th class="invisible"/></tr></table><p class="totop"><a href="#summary">back to summary</a></p>
<h3 id="m21">NewEmployer.EmpUpdateSocialMediaProfile#testEmpUpdateSocialMediaProfile</h3><table class="result"><tr><th class="invisible"/></tr></table><p class="totop"><a href="#summary">back to summary</a></p>
<h3 id="m22">UserAccess.InvalidLogin#testInvalidLogin</h3><table class="result"><tr><th class="invisible"/></tr></table><p class="totop"><a href="#summary">back to summary</a></p>
<h3 id="m23">students.StudentAboutPage#testStudentAboutPage</h3><table class="result"><tr><th class="invisible"/></tr></table><p class="totop"><a href="#summary">back to summary</a></p>
<h3 id="m24">students.StudentChangeEmail#testStudentChangeEmail</h3><table class="result"><tr><th class="invisible"/></tr></table><p class="totop"><a href="#summary">back to summary</a></p>
<h3 id="m25">students.StudentChangeLanguage#testStudentChangeLanguage</h3><table class="result"><tr><th class="invisible"/></tr></table><p class="totop"><a href="#summary">back to summary</a></p>
<h3 id="m26">students.StudentChangePassword#testStudentChangePassword</h3><table class="result"><tr><th class="invisible"/></tr></table><p class="totop"><a href="#summary">back to summary</a></p>
<h3 id="m27">students.StudentChangePersonalInfo#testStudentChangePersonalInfo</h3><table class="result"><tr><th class="invisible"/></tr></table><p class="totop"><a href="#summary">back to summary</a></p>
<h3 id="m28">students.StudentMyAccount#testStudentMyAccount</h3><table class="result"><tr><th class="invisible"/></tr></table><p class="totop"><a href="#summary">back to summary</a></p>
<h3 id="m29">students.StudentsLogout#testLoginElements</h3><table class="result"><tr><th class="invisible"/></tr></table><p class="totop"><a href="#summary">back to summary</a></p>
<h3 id="m30">university.AddNewEvent#testAddNewEvent</h3><table class="result"><tr><th class="invisible"/></tr></table><p class="totop"><a href="#summary">back to summary</a></p>
<h3 id="m31">university.ChangeUniversityName#testChangeUniversityName</h3><table class="result"><tr><th class="invisible"/></tr></table><p class="totop"><a href="#summary">back to summary</a></p>
<h3 id="m32">university.EditEvent#testEditEvent</h3><table class="result"><tr><th class="invisible"/></tr></table><p class="totop"><a href="#summary">back to summary</a></p>
<h3 id="m33">university.EventHomepageElements#testEventHomepageElements</h3><table class="result"><tr><th class="invisible"/></tr></table><p class="totop"><a href="#summary">back to summary</a></p>
<h3 id="m34">university.UniSearchStudentByName#testUniSearchStudentByName</h3><table class="result"><tr><th class="invisible"/></tr></table><p class="totop"><a href="#summary">back to summary</a></p>
<h3 id="m35">university.UniversityAboutPage#testUniversityAboutPage</h3><table class="result"><tr><th class="invisible"/></tr></table><p class="totop"><a href="#summary">back to summary</a></p>
<h3 id="m36">university.UniversityExportJobsPDF#testUniversityExportJobsPDF</h3><table class="result"><tr><th class="invisible"/></tr></table><p class="totop"><a href="#summary">back to summary</a></p>
<h3 id="m37">university.UniversitySearchJobs#testUniversitySearchJobs</h3><table class="result"><tr><th class="invisible"/></tr></table><p class="totop"><a href="#summary">back to summary</a></p>
<h3 id="m38">university.UniversiyProfilePAge#testUniversiyProfilePAge</h3><table class="result"><tr><th class="invisible"/></tr></table><p class="totop"><a href="#summary">back to summary</a></p>
</body>
</html>
